2024-09-10 10:56:31,455 [Worker-9: Loading available Gradle versions] INFO  o.e.b.c.i.u.g.PublishedGradleVersions - Gradle version information cache is out-of-date. Trying to update.
2024-09-10 11:04:16,046 [Worker-9: Creating project "ltwedct5"] INFO  o.e.m.c.i.l.LifecycleMappingFactory - Using org.maven.ide.eclipse.wtp.WarLifecycleMapping lifecycle mapping for MavenProject: vn.star:ltwedct5:1.0 @ C:\Users\TRIEUVI\Desktop\WorkSpaceSpringToolSuite\ltwedct5\pom.xml.
2024-09-10 11:04:16,582 [Worker-9: Creating project "ltwedct5"] INFO  o.e.m.j.i.AbstractJavaProjectConfigurator - Adding source folder /ltwedct5/src/main/java
2024-09-10 11:04:16,584 [Worker-9: Creating project "ltwedct5"] INFO  o.e.m.j.i.AbstractJavaProjectConfigurator - Adding resource folder /ltwedct5/src/main/resources
2024-09-10 11:04:16,584 [Worker-9: Creating project "ltwedct5"] INFO  o.e.m.j.i.AbstractJavaProjectConfigurator - Adding source folder /ltwedct5/src/test/java
2024-09-10 11:04:16,585 [Worker-9: Creating project "ltwedct5"] INFO  o.e.m.j.i.AbstractJavaProjectConfigurator - Adding resource folder /ltwedct5/src/test/resources
2024-09-10 11:04:17,556 [Worker-18: Building] WARN  o.a.m.s.f.DefaultMavenResourcesFiltering - Using platform encoding (UTF-8 actually) to copy filtered resources, i.e. build is platform dependent!
2024-09-10 11:04:17,559 [Worker-18: Building] INFO  o.a.m.s.f.DefaultMavenResourcesFiltering - Copying 0 resource from src\main\resources to target\classes
2024-09-10 11:04:17,563 [Worker-18: Building] WARN  o.a.m.s.f.DefaultMavenResourcesFiltering - Using platform encoding (UTF-8 actually) to copy filtered resources, i.e. build is platform dependent!
2024-09-10 11:04:17,564 [Worker-18: Building] INFO  o.a.m.s.f.DefaultMavenResourcesFiltering - Copying 0 resource from src\test\resources to target\test-classes
2024-09-10 11:10:46,846 [Worker-23: Building] ERROR o.e.m.c.i.p.r.ProjectRegistryManager - Could not read pom.xml
org.eclipse.core.runtime.CoreException: Could not read pom.xml
	at org.eclipse.m2e.core.internal.IMavenToolbox.readModel(IMavenToolbox.java:245)
	at org.eclipse.m2e.core.internal.project.registry.ProjectRegistryManager.refreshPhase2(ProjectRegistryManager.java:591)
	at org.eclipse.m2e.core.internal.project.registry.ProjectRegistryManager.refresh(ProjectRegistryManager.java:491)
	at org.eclipse.m2e.core.internal.project.registry.ProjectRegistryManager.refresh(ProjectRegistryManager.java:370)
	at org.eclipse.m2e.core.internal.project.registry.ProjectRegistryManager.refresh(ProjectRegistryManager.java:322)
	at org.eclipse.m2e.core.internal.builder.MavenBuilder$BuildMethod.getProjectFacade(MavenBuilder.java:146)
	at org.eclipse.m2e.core.internal.builder.MavenBuilder$BuildMethod.lambda$0(MavenBuilder.java:84)
	at org.eclipse.m2e.core.internal.embedder.MavenExecutionContext.executeBare(MavenExecutionContext.java:458)
	at org.eclipse.m2e.core.internal.embedder.MavenExecutionContext.execute(MavenExecutionContext.java:339)
	at org.eclipse.m2e.core.internal.embedder.MavenExecutionContext.execute(MavenExecutionContext.java:278)
	at org.eclipse.m2e.core.internal.builder.MavenBuilder$BuildMethod.execute(MavenBuilder.java:83)
	at org.eclipse.m2e.core.internal.builder.MavenBuilder.build(MavenBuilder.java:192)
	at org.eclipse.core.internal.events.BuildManager$2.run(BuildManager.java:1077)
	at org.eclipse.core.runtime.SafeRunner.run(SafeRunner.java:47)
	at org.eclipse.core.internal.events.BuildManager.basicBuild(BuildManager.java:296)
	at org.eclipse.core.internal.events.BuildManager.basicBuild(BuildManager.java:352)
	at org.eclipse.core.internal.events.BuildManager$1.run(BuildManager.java:441)
	at org.eclipse.core.runtime.SafeRunner.run(SafeRunner.java:47)
	at org.eclipse.core.internal.events.BuildManager.basicBuild(BuildManager.java:444)
	at org.eclipse.core.internal.events.BuildManager.basicBuildLoop(BuildManager.java:555)
	at org.eclipse.core.internal.events.BuildManager.basicBuildLoop(BuildManager.java:503)
	at org.eclipse.core.internal.events.BuildManager.build(BuildManager.java:585)
	at org.eclipse.core.internal.events.AutoBuildJob.doBuild(AutoBuildJob.java:207)
	at org.eclipse.core.internal.events.AutoBuildJob.run(AutoBuildJob.java:300)
	at org.eclipse.core.internal.jobs.Worker.run(Worker.java:63)
Caused by: org.apache.maven.model.io.ModelParseException: end tag name </webappDirectory> must match start tag name <configuration> from line 28 (position: TEXT seen ...<configuration>\r\n          </webappDirectory>... @29:29) 
	at org.apache.maven.model.io.DefaultModelReader.read(DefaultModelReader.java:96)
	at org.apache.maven.model.io.DefaultModelReader.read(DefaultModelReader.java:74)
	at org.eclipse.m2e.core.internal.IMavenToolbox.readModel(IMavenToolbox.java:243)
	... 24 common frames omitted
Caused by: org.codehaus.plexus.util.xml.pull.XmlPullParserException: end tag name </webappDirectory> must match start tag name <configuration> from line 28 (position: TEXT seen ...<configuration>\r\n          </webappDirectory>... @29:29) 
	at org.codehaus.plexus.util.xml.pull.MXParser.parseEndTag(MXParser.java:2151)
	at org.codehaus.plexus.util.xml.pull.MXParser.nextImpl(MXParser.java:1418)
	at org.codehaus.plexus.util.xml.pull.MXParser.next(MXParser.java:1375)
	at org.codehaus.plexus.util.xml.Xpp3DomBuilder.build(Xpp3DomBuilder.java:241)
	at org.codehaus.plexus.util.xml.Xpp3DomBuilder.build(Xpp3DomBuilder.java:127)
	at org.apache.maven.model.io.xpp3.MavenXpp3Reader.parsePlugin(MavenXpp3Reader.java:2866)
	at org.apache.maven.model.io.xpp3.MavenXpp3Reader.parsePluginManagement(MavenXpp3Reader.java:3103)
	at org.apache.maven.model.io.xpp3.MavenXpp3Reader.parseBuild(MavenXpp3Reader.java:1045)
	at org.apache.maven.model.io.xpp3.MavenXpp3Reader.parseModel(MavenXpp3Reader.java:2364)
	at org.apache.maven.model.io.xpp3.MavenXpp3Reader.read(MavenXpp3Reader.java:623)
	at org.apache.maven.model.io.xpp3.MavenXpp3Reader.read(MavenXpp3Reader.java:654)
	at org.apache.maven.model.io.DefaultModelReader.read(DefaultModelReader.java:93)
	... 26 common frames omitted
2024-09-10 11:13:04,856 [Worker-23: Building] WARN  o.a.m.l.i.DefaultMojoExecutionConfigurator - [1;33mParameter '[0;1;33msourch[0;1;33m' is unknown for plugin '[0;1;33mmaven-compiler-plugin[0;1;33m:[0;1;33m3.13.0[0;1;33m:[0;1;33mcompile[0;1;33m ([0;1;33mdefault-compile[0;1;33m)[0;1;33m'[m
2024-09-10 11:13:05,002 [Worker-23: Building] WARN  o.a.m.l.i.DefaultMojoExecutionConfigurator - [1;33mParameter '[0;1;33msourch[0;1;33m' is unknown for plugin '[0;1;33mmaven-compiler-plugin[0;1;33m:[0;1;33m3.13.0[0;1;33m:[0;1;33mcompile[0;1;33m ([0;1;33mdefault-compile[0;1;33m)[0;1;33m'[m
2024-09-10 11:13:05,004 [Worker-23: Building] WARN  o.a.m.l.i.DefaultMojoExecutionConfigurator - [1;33mParameter '[0;1;33msourch[0;1;33m' is unknown for plugin '[0;1;33mmaven-compiler-plugin[0;1;33m:[0;1;33m3.13.0[0;1;33m:[0;1;33mcompile[0;1;33m ([0;1;33mdefault-compile[0;1;33m)[0;1;33m'[m
2024-09-10 11:13:05,005 [Worker-23: Building] WARN  o.a.m.l.i.DefaultMojoExecutionConfigurator - [1;33mParameter '[0;1;33msourch[0;1;33m' is unknown for plugin '[0;1;33mmaven-compiler-plugin[0;1;33m:[0;1;33m3.13.0[0;1;33m:[0;1;33mcompile[0;1;33m ([0;1;33mdefault-compile[0;1;33m)[0;1;33m'[m
2024-09-10 11:13:05,006 [Worker-23: Building] WARN  o.a.m.l.i.DefaultMojoExecutionConfigurator - [1;33mParameter '[0;1;33msourch[0;1;33m' is unknown for plugin '[0;1;33mmaven-compiler-plugin[0;1;33m:[0;1;33m3.13.0[0;1;33m:[0;1;33mcompile[0;1;33m ([0;1;33mdefault-compile[0;1;33m)[0;1;33m'[m
2024-09-10 11:13:05,006 [Worker-23: Building] WARN  o.a.m.l.i.DefaultMojoExecutionConfigurator - [1;33mParameter '[0;1;33msourch[0;1;33m' is unknown for plugin '[0;1;33mmaven-compiler-plugin[0;1;33m:[0;1;33m3.13.0[0;1;33m:[0;1;33mcompile[0;1;33m ([0;1;33mdefault-compile[0;1;33m)[0;1;33m'[m
2024-09-10 11:13:05,007 [Worker-23: Building] WARN  o.a.m.l.i.DefaultMojoExecutionConfigurator - [1;33mParameter '[0;1;33msourch[0;1;33m' is unknown for plugin '[0;1;33mmaven-compiler-plugin[0;1;33m:[0;1;33m3.13.0[0;1;33m:[0;1;33mcompile[0;1;33m ([0;1;33mdefault-compile[0;1;33m)[0;1;33m'[m
2024-09-10 11:13:05,009 [Worker-23: Building] WARN  o.a.m.l.i.DefaultMojoExecutionConfigurator - [1;33mParameter '[0;1;33msourch[0;1;33m' is unknown for plugin '[0;1;33mmaven-compiler-plugin[0;1;33m:[0;1;33m3.13.0[0;1;33m:[0;1;33mcompile[0;1;33m ([0;1;33mdefault-compile[0;1;33m)[0;1;33m'[m
2024-09-10 11:13:05,009 [Worker-23: Building] WARN  o.a.m.l.i.DefaultMojoExecutionConfigurator - [1;33mParameter '[0;1;33msourch[0;1;33m' is unknown for plugin '[0;1;33mmaven-compiler-plugin[0;1;33m:[0;1;33m3.13.0[0;1;33m:[0;1;33mcompile[0;1;33m ([0;1;33mdefault-compile[0;1;33m)[0;1;33m'[m
2024-09-10 11:13:05,010 [Worker-23: Building] WARN  o.a.m.l.i.DefaultMojoExecutionConfigurator - [1;33mParameter '[0;1;33msourch[0;1;33m' is unknown for plugin '[0;1;33mmaven-compiler-plugin[0;1;33m:[0;1;33m3.13.0[0;1;33m:[0;1;33mtestCompile[0;1;33m ([0;1;33mdefault-testCompile[0;1;33m)[0;1;33m'[m
2024-09-10 11:13:05,011 [Worker-23: Building] WARN  o.a.m.l.i.DefaultMojoExecutionConfigurator - [1;33mParameter '[0;1;33msourch[0;1;33m' is unknown for plugin '[0;1;33mmaven-compiler-plugin[0;1;33m:[0;1;33m3.13.0[0;1;33m:[0;1;33mtestCompile[0;1;33m ([0;1;33mdefault-testCompile[0;1;33m)[0;1;33m'[m
2024-09-10 11:13:05,012 [Worker-23: Building] WARN  o.a.m.l.i.DefaultMojoExecutionConfigurator - [1;33mParameter '[0;1;33msourch[0;1;33m' is unknown for plugin '[0;1;33mmaven-compiler-plugin[0;1;33m:[0;1;33m3.13.0[0;1;33m:[0;1;33mtestCompile[0;1;33m ([0;1;33mdefault-testCompile[0;1;33m)[0;1;33m'[m
2024-09-10 11:13:05,013 [Worker-23: Building] WARN  o.a.m.l.i.DefaultMojoExecutionConfigurator - [1;33mParameter '[0;1;33msourch[0;1;33m' is unknown for plugin '[0;1;33mmaven-compiler-plugin[0;1;33m:[0;1;33m3.13.0[0;1;33m:[0;1;33mtestCompile[0;1;33m ([0;1;33mdefault-testCompile[0;1;33m)[0;1;33m'[m
2024-09-10 11:13:05,014 [Worker-23: Building] WARN  o.a.m.l.i.DefaultMojoExecutionConfigurator - [1;33mParameter '[0;1;33msourch[0;1;33m' is unknown for plugin '[0;1;33mmaven-compiler-plugin[0;1;33m:[0;1;33m3.13.0[0;1;33m:[0;1;33mtestCompile[0;1;33m ([0;1;33mdefault-testCompile[0;1;33m)[0;1;33m'[m
2024-09-10 11:13:05,014 [Worker-23: Building] WARN  o.a.m.l.i.DefaultMojoExecutionConfigurator - [1;33mParameter '[0;1;33msourch[0;1;33m' is unknown for plugin '[0;1;33mmaven-compiler-plugin[0;1;33m:[0;1;33m3.13.0[0;1;33m:[0;1;33mtestCompile[0;1;33m ([0;1;33mdefault-testCompile[0;1;33m)[0;1;33m'[m
2024-09-10 11:13:05,015 [Worker-23: Building] WARN  o.a.m.l.i.DefaultMojoExecutionConfigurator - [1;33mParameter '[0;1;33msourch[0;1;33m' is unknown for plugin '[0;1;33mmaven-compiler-plugin[0;1;33m:[0;1;33m3.13.0[0;1;33m:[0;1;33mtestCompile[0;1;33m ([0;1;33mdefault-testCompile[0;1;33m)[0;1;33m'[m
2024-09-10 11:13:05,016 [Worker-23: Building] WARN  o.a.m.l.i.DefaultMojoExecutionConfigurator - [1;33mParameter '[0;1;33msourch[0;1;33m' is unknown for plugin '[0;1;33mmaven-compiler-plugin[0;1;33m:[0;1;33m3.13.0[0;1;33m:[0;1;33mtestCompile[0;1;33m ([0;1;33mdefault-testCompile[0;1;33m)[0;1;33m'[m
2024-09-10 11:13:05,017 [Worker-23: Building] WARN  o.a.m.l.i.DefaultMojoExecutionConfigurator - [1;33mParameter '[0;1;33msourch[0;1;33m' is unknown for plugin '[0;1;33mmaven-compiler-plugin[0;1;33m:[0;1;33m3.13.0[0;1;33m:[0;1;33mtestCompile[0;1;33m ([0;1;33mdefault-testCompile[0;1;33m)[0;1;33m'[m
2024-09-10 11:13:05,018 [Worker-23: Building] INFO  o.e.m.c.i.l.LifecycleMappingFactory - Using org.maven.ide.eclipse.wtp.WarLifecycleMapping lifecycle mapping for MavenProject: vn.star:ltwedct5:1.0 @ C:\Users\TRIEUVI\Desktop\WorkSpaceSpringToolSuite\ltwedct5\pom.xml.
2024-09-10 11:13:05,021 [Worker-23: Building] WARN  o.a.m.l.i.DefaultMojoExecutionConfigurator - [1;33mParameter '[0;1;33msourch[0;1;33m' is unknown for plugin '[0;1;33mmaven-compiler-plugin[0;1;33m:[0;1;33m3.13.0[0;1;33m:[0;1;33mcompile[0;1;33m ([0;1;33mdefault-compile[0;1;33m)[0;1;33m'[m
2024-09-10 11:13:05,022 [Worker-23: Building] WARN  o.a.m.l.i.DefaultMojoExecutionConfigurator - [1;33mParameter '[0;1;33msourch[0;1;33m' is unknown for plugin '[0;1;33mmaven-compiler-plugin[0;1;33m:[0;1;33m3.13.0[0;1;33m:[0;1;33mtestCompile[0;1;33m ([0;1;33mdefault-testCompile[0;1;33m)[0;1;33m'[m
2024-09-10 11:13:05,411 [Worker-23: Building] WARN  o.a.m.l.i.DefaultMojoExecutionConfigurator - [1;33mParameter '[0;1;33msourch[0;1;33m' is unknown for plugin '[0;1;33mmaven-compiler-plugin[0;1;33m:[0;1;33m3.13.0[0;1;33m:[0;1;33mcompile[0;1;33m ([0;1;33mdefault-compile[0;1;33m)[0;1;33m'[m
2024-09-10 11:13:05,417 [Worker-23: Building] WARN  o.a.m.l.i.DefaultMojoExecutionConfigurator - [1;33mParameter '[0;1;33msourch[0;1;33m' is unknown for plugin '[0;1;33mmaven-compiler-plugin[0;1;33m:[0;1;33m3.13.0[0;1;33m:[0;1;33mtestCompile[0;1;33m ([0;1;33mdefault-testCompile[0;1;33m)[0;1;33m'[m
2024-09-10 11:13:05,549 [Worker-23: Building] WARN  o.a.m.s.f.DefaultMavenResourcesFiltering - Using platform encoding (UTF-8 actually) to copy filtered resources, i.e. build is platform dependent!
2024-09-10 11:13:05,557 [Worker-23: Building] INFO  o.a.m.s.f.DefaultMavenResourcesFiltering - Copying 0 resource from src\main\resources to target\classes
2024-09-10 11:13:05,577 [Worker-23: Building] WARN  o.a.m.s.f.DefaultMavenResourcesFiltering - Using platform encoding (UTF-8 actually) to copy filtered resources, i.e. build is platform dependent!
2024-09-10 11:13:05,589 [Worker-23: Building] INFO  o.a.m.s.f.DefaultMavenResourcesFiltering - Copying 0 resource from src\test\resources to target\test-classes
2024-09-10 11:13:05,596 [Worker-23: Building] INFO  o.e.m.w.i.f.ResourceFilteringBuildParticipant - Changed resources require a complete clean of filtered resources of ltwedct5
2024-09-10 11:13:05,606 [Worker-23: Building] INFO  o.e.m.w.i.f.ResourceFilteringBuildParticipant - Executing resource filtering for ltwedct5
2024-09-10 11:13:05,633 [Worker-23: Building] WARN  o.a.m.l.i.DefaultMojoExecutionConfigurator - [1;33mParameter '[0;1;33msourch[0;1;33m' is unknown for plugin '[0;1;33mmaven-compiler-plugin[0;1;33m:[0;1;33m3.13.0[0;1;33m:[0;1;33mcompile[0;1;33m ([0;1;33mdefault-compile[0;1;33m)[0;1;33m'[m
2024-09-10 11:13:05,643 [Worker-23: Building] WARN  o.a.m.l.i.DefaultMojoExecutionConfigurator - [1;33mParameter '[0;1;33msourch[0;1;33m' is unknown for plugin '[0;1;33mmaven-compiler-plugin[0;1;33m:[0;1;33m3.13.0[0;1;33m:[0;1;33mtestCompile[0;1;33m ([0;1;33mdefault-testCompile[0;1;33m)[0;1;33m'[m
2024-09-10 11:13:06,137 [Worker-24: Updating Maven Project] INFO  o.e.m.c.i.p.ProjectConfigurationManager - Update started
2024-09-10 11:13:06,161 [Worker-24: Updating Maven Project] WARN  o.a.m.l.i.DefaultMojoExecutionConfigurator - [1;33mParameter '[0;1;33msourch[0;1;33m' is unknown for plugin '[0;1;33mmaven-compiler-plugin[0;1;33m:[0;1;33m3.13.0[0;1;33m:[0;1;33mcompile[0;1;33m ([0;1;33mdefault-compile[0;1;33m)[0;1;33m'[m
2024-09-10 11:13:06,261 [Worker-24: Updating Maven Project] WARN  o.a.m.l.i.DefaultMojoExecutionConfigurator - [1;33mParameter '[0;1;33msourch[0;1;33m' is unknown for plugin '[0;1;33mmaven-compiler-plugin[0;1;33m:[0;1;33m3.13.0[0;1;33m:[0;1;33mcompile[0;1;33m ([0;1;33mdefault-compile[0;1;33m)[0;1;33m'[m
2024-09-10 11:13:06,263 [Worker-24: Updating Maven Project] WARN  o.a.m.l.i.DefaultMojoExecutionConfigurator - [1;33mParameter '[0;1;33msourch[0;1;33m' is unknown for plugin '[0;1;33mmaven-compiler-plugin[0;1;33m:[0;1;33m3.13.0[0;1;33m:[0;1;33mcompile[0;1;33m ([0;1;33mdefault-compile[0;1;33m)[0;1;33m'[m
2024-09-10 11:13:06,264 [Worker-24: Updating Maven Project] WARN  o.a.m.l.i.DefaultMojoExecutionConfigurator - [1;33mParameter '[0;1;33msourch[0;1;33m' is unknown for plugin '[0;1;33mmaven-compiler-plugin[0;1;33m:[0;1;33m3.13.0[0;1;33m:[0;1;33mcompile[0;1;33m ([0;1;33mdefault-compile[0;1;33m)[0;1;33m'[m
2024-09-10 11:13:06,265 [Worker-24: Updating Maven Project] WARN  o.a.m.l.i.DefaultMojoExecutionConfigurator - [1;33mParameter '[0;1;33msourch[0;1;33m' is unknown for plugin '[0;1;33mmaven-compiler-plugin[0;1;33m:[0;1;33m3.13.0[0;1;33m:[0;1;33mcompile[0;1;33m ([0;1;33mdefault-compile[0;1;33m)[0;1;33m'[m
2024-09-10 11:13:06,266 [Worker-24: Updating Maven Project] WARN  o.a.m.l.i.DefaultMojoExecutionConfigurator - [1;33mParameter '[0;1;33msourch[0;1;33m' is unknown for plugin '[0;1;33mmaven-compiler-plugin[0;1;33m:[0;1;33m3.13.0[0;1;33m:[0;1;33mcompile[0;1;33m ([0;1;33mdefault-compile[0;1;33m)[0;1;33m'[m
2024-09-10 11:13:06,266 [Worker-24: Updating Maven Project] WARN  o.a.m.l.i.DefaultMojoExecutionConfigurator - [1;33mParameter '[0;1;33msourch[0;1;33m' is unknown for plugin '[0;1;33mmaven-compiler-plugin[0;1;33m:[0;1;33m3.13.0[0;1;33m:[0;1;33mcompile[0;1;33m ([0;1;33mdefault-compile[0;1;33m)[0;1;33m'[m
2024-09-10 11:13:06,268 [Worker-24: Updating Maven Project] WARN  o.a.m.l.i.DefaultMojoExecutionConfigurator - [1;33mParameter '[0;1;33msourch[0;1;33m' is unknown for plugin '[0;1;33mmaven-compiler-plugin[0;1;33m:[0;1;33m3.13.0[0;1;33m:[0;1;33mcompile[0;1;33m ([0;1;33mdefault-compile[0;1;33m)[0;1;33m'[m
2024-09-10 11:13:06,268 [Worker-24: Updating Maven Project] WARN  o.a.m.l.i.DefaultMojoExecutionConfigurator - [1;33mParameter '[0;1;33msourch[0;1;33m' is unknown for plugin '[0;1;33mmaven-compiler-plugin[0;1;33m:[0;1;33m3.13.0[0;1;33m:[0;1;33mcompile[0;1;33m ([0;1;33mdefault-compile[0;1;33m)[0;1;33m'[m
2024-09-10 11:13:06,269 [Worker-24: Updating Maven Project] WARN  o.a.m.l.i.DefaultMojoExecutionConfigurator - [1;33mParameter '[0;1;33msourch[0;1;33m' is unknown for plugin '[0;1;33mmaven-compiler-plugin[0;1;33m:[0;1;33m3.13.0[0;1;33m:[0;1;33mtestCompile[0;1;33m ([0;1;33mdefault-testCompile[0;1;33m)[0;1;33m'[m
2024-09-10 11:13:06,270 [Worker-24: Updating Maven Project] WARN  o.a.m.l.i.DefaultMojoExecutionConfigurator - [1;33mParameter '[0;1;33msourch[0;1;33m' is unknown for plugin '[0;1;33mmaven-compiler-plugin[0;1;33m:[0;1;33m3.13.0[0;1;33m:[0;1;33mtestCompile[0;1;33m ([0;1;33mdefault-testCompile[0;1;33m)[0;1;33m'[m
2024-09-10 11:13:06,270 [Worker-24: Updating Maven Project] WARN  o.a.m.l.i.DefaultMojoExecutionConfigurator - [1;33mParameter '[0;1;33msourch[0;1;33m' is unknown for plugin '[0;1;33mmaven-compiler-plugin[0;1;33m:[0;1;33m3.13.0[0;1;33m:[0;1;33mtestCompile[0;1;33m ([0;1;33mdefault-testCompile[0;1;33m)[0;1;33m'[m
2024-09-10 11:13:06,271 [Worker-24: Updating Maven Project] WARN  o.a.m.l.i.DefaultMojoExecutionConfigurator - [1;33mParameter '[0;1;33msourch[0;1;33m' is unknown for plugin '[0;1;33mmaven-compiler-plugin[0;1;33m:[0;1;33m3.13.0[0;1;33m:[0;1;33mtestCompile[0;1;33m ([0;1;33mdefault-testCompile[0;1;33m)[0;1;33m'[m
2024-09-10 11:13:06,272 [Worker-24: Updating Maven Project] WARN  o.a.m.l.i.DefaultMojoExecutionConfigurator - [1;33mParameter '[0;1;33msourch[0;1;33m' is unknown for plugin '[0;1;33mmaven-compiler-plugin[0;1;33m:[0;1;33m3.13.0[0;1;33m:[0;1;33mtestCompile[0;1;33m ([0;1;33mdefault-testCompile[0;1;33m)[0;1;33m'[m
2024-09-10 11:13:06,273 [Worker-24: Updating Maven Project] WARN  o.a.m.l.i.DefaultMojoExecutionConfigurator - [1;33mParameter '[0;1;33msourch[0;1;33m' is unknown for plugin '[0;1;33mmaven-compiler-plugin[0;1;33m:[0;1;33m3.13.0[0;1;33m:[0;1;33mtestCompile[0;1;33m ([0;1;33mdefault-testCompile[0;1;33m)[0;1;33m'[m
2024-09-10 11:13:06,273 [Worker-24: Updating Maven Project] WARN  o.a.m.l.i.DefaultMojoExecutionConfigurator - [1;33mParameter '[0;1;33msourch[0;1;33m' is unknown for plugin '[0;1;33mmaven-compiler-plugin[0;1;33m:[0;1;33m3.13.0[0;1;33m:[0;1;33mtestCompile[0;1;33m ([0;1;33mdefault-testCompile[0;1;33m)[0;1;33m'[m
2024-09-10 11:13:06,274 [Worker-24: Updating Maven Project] WARN  o.a.m.l.i.DefaultMojoExecutionConfigurator - [1;33mParameter '[0;1;33msourch[0;1;33m' is unknown for plugin '[0;1;33mmaven-compiler-plugin[0;1;33m:[0;1;33m3.13.0[0;1;33m:[0;1;33mtestCompile[0;1;33m ([0;1;33mdefault-testCompile[0;1;33m)[0;1;33m'[m
2024-09-10 11:13:06,275 [Worker-24: Updating Maven Project] WARN  o.a.m.l.i.DefaultMojoExecutionConfigurator - [1;33mParameter '[0;1;33msourch[0;1;33m' is unknown for plugin '[0;1;33mmaven-compiler-plugin[0;1;33m:[0;1;33m3.13.0[0;1;33m:[0;1;33mtestCompile[0;1;33m ([0;1;33mdefault-testCompile[0;1;33m)[0;1;33m'[m
2024-09-10 11:13:06,276 [Worker-24: Updating Maven Project] INFO  o.e.m.c.i.l.LifecycleMappingFactory - Using org.maven.ide.eclipse.wtp.WarLifecycleMapping lifecycle mapping for MavenProject: vn.star:ltwedct5:1.0 @ C:\Users\TRIEUVI\Desktop\WorkSpaceSpringToolSuite\ltwedct5\pom.xml.
2024-09-10 11:13:06,289 [Worker-24: Updating Maven Project] WARN  o.a.m.l.i.DefaultMojoExecutionConfigurator - [1;33mParameter '[0;1;33msourch[0;1;33m' is unknown for plugin '[0;1;33mmaven-compiler-plugin[0;1;33m:[0;1;33m3.13.0[0;1;33m:[0;1;33mcompile[0;1;33m ([0;1;33mdefault-compile[0;1;33m)[0;1;33m'[m
2024-09-10 11:13:06,290 [Worker-24: Updating Maven Project] WARN  o.a.m.l.i.DefaultMojoExecutionConfigurator - [1;33mParameter '[0;1;33msourch[0;1;33m' is unknown for plugin '[0;1;33mmaven-compiler-plugin[0;1;33m:[0;1;33m3.13.0[0;1;33m:[0;1;33mtestCompile[0;1;33m ([0;1;33mdefault-testCompile[0;1;33m)[0;1;33m'[m
2024-09-10 11:13:06,647 [Worker-24: Updating Maven Project] WARN  o.a.m.l.i.DefaultMojoExecutionConfigurator - [1;33mParameter '[0;1;33msourch[0;1;33m' is unknown for plugin '[0;1;33mmaven-compiler-plugin[0;1;33m:[0;1;33m3.13.0[0;1;33m:[0;1;33mcompile[0;1;33m ([0;1;33mdefault-compile[0;1;33m)[0;1;33m'[m
2024-09-10 11:13:06,656 [Worker-24: Updating Maven Project] WARN  o.a.m.l.i.DefaultMojoExecutionConfigurator - [1;33mParameter '[0;1;33msourch[0;1;33m' is unknown for plugin '[0;1;33mmaven-compiler-plugin[0;1;33m:[0;1;33m3.13.0[0;1;33m:[0;1;33mtestCompile[0;1;33m ([0;1;33mdefault-testCompile[0;1;33m)[0;1;33m'[m
2024-09-10 11:13:06,803 [Worker-24: Updating Maven Project] INFO  o.e.m.j.i.AbstractJavaProjectConfigurator - Adding source folder /ltwedct5/src/main/java
2024-09-10 11:13:06,814 [Worker-24: Updating Maven Project] INFO  o.e.m.j.i.AbstractJavaProjectConfigurator - Adding resource folder /ltwedct5/src/main/resources
2024-09-10 11:13:06,815 [Worker-24: Updating Maven Project] INFO  o.e.m.j.i.AbstractJavaProjectConfigurator - Adding source folder /ltwedct5/src/test/java
2024-09-10 11:13:06,819 [Worker-24: Updating Maven Project] INFO  o.e.m.j.i.AbstractJavaProjectConfigurator - Adding resource folder /ltwedct5/src/test/resources
2024-09-10 11:13:07,164 [Worker-24: Updating Maven Project] INFO  o.e.m.w.i.f.ResourceFilteringBuildParticipant - Cleaning filtered folder for ltwedct5
2024-09-10 11:13:07,200 [Worker-24: Updating Maven Project] INFO  o.e.m.c.i.p.ProjectConfigurationManager - Update completed for 1 poms: local refresh takes 0.00 sec, refresh facades takes 0.00 sec, update config takes 0.00 sec 
2024-09-10 11:13:16,110 [Worker-22: Building] WARN  o.a.m.s.f.DefaultMavenResourcesFiltering - Using platform encoding (UTF-8 actually) to copy filtered resources, i.e. build is platform dependent!
2024-09-10 11:13:16,113 [Worker-22: Building] INFO  o.a.m.s.f.DefaultMavenResourcesFiltering - Copying 0 resource from src\main\resources to target\classes
2024-09-10 11:13:16,121 [Worker-22: Building] WARN  o.a.m.s.f.DefaultMavenResourcesFiltering - Using platform encoding (UTF-8 actually) to copy filtered resources, i.e. build is platform dependent!
2024-09-10 11:13:16,127 [Worker-22: Building] INFO  o.a.m.s.f.DefaultMavenResourcesFiltering - Copying 0 resource from src\test\resources to target\test-classes
2024-09-10 11:13:16,128 [Worker-22: Building] INFO  o.e.m.w.i.f.ResourceFilteringBuildParticipant - Changed resources require a complete clean of filtered resources of ltwedct5
2024-09-10 11:13:16,129 [Worker-22: Building] INFO  o.e.m.w.i.f.ResourceFilteringBuildParticipant - Executing resource filtering for ltwedct5
2024-09-10 11:13:16,133 [Worker-22: Building] WARN  o.a.m.l.i.DefaultMojoExecutionConfigurator - [1;33mParameter '[0;1;33msourch[0;1;33m' is unknown for plugin '[0;1;33mmaven-compiler-plugin[0;1;33m:[0;1;33m3.13.0[0;1;33m:[0;1;33mcompile[0;1;33m ([0;1;33mdefault-compile[0;1;33m)[0;1;33m'[m
2024-09-10 11:13:16,138 [Worker-22: Building] WARN  o.a.m.l.i.DefaultMojoExecutionConfigurator - [1;33mParameter '[0;1;33msourch[0;1;33m' is unknown for plugin '[0;1;33mmaven-compiler-plugin[0;1;33m:[0;1;33m3.13.0[0;1;33m:[0;1;33mtestCompile[0;1;33m ([0;1;33mdefault-testCompile[0;1;33m)[0;1;33m'[m
2024-09-10 11:17:39,226 [Worker-26: Building] WARN  o.a.m.l.i.DefaultMojoExecutionConfigurator - [1;33mParameter '[0;1;33msourch[0;1;33m' is unknown for plugin '[0;1;33mmaven-compiler-plugin[0;1;33m:[0;1;33m3.13.0[0;1;33m:[0;1;33mcompile[0;1;33m ([0;1;33mdefault-compile[0;1;33m)[0;1;33m'[m
2024-09-10 11:17:39,297 [Worker-26: Building] WARN  o.a.m.l.i.DefaultMojoExecutionConfigurator - [1;33mParameter '[0;1;33msourch[0;1;33m' is unknown for plugin '[0;1;33mmaven-compiler-plugin[0;1;33m:[0;1;33m3.13.0[0;1;33m:[0;1;33mcompile[0;1;33m ([0;1;33mdefault-compile[0;1;33m)[0;1;33m'[m
2024-09-10 11:17:39,298 [Worker-26: Building] WARN  o.a.m.l.i.DefaultMojoExecutionConfigurator - [1;33mParameter '[0;1;33msourch[0;1;33m' is unknown for plugin '[0;1;33mmaven-compiler-plugin[0;1;33m:[0;1;33m3.13.0[0;1;33m:[0;1;33mcompile[0;1;33m ([0;1;33mdefault-compile[0;1;33m)[0;1;33m'[m
2024-09-10 11:17:39,298 [Worker-26: Building] WARN  o.a.m.l.i.DefaultMojoExecutionConfigurator - [1;33mParameter '[0;1;33msourch[0;1;33m' is unknown for plugin '[0;1;33mmaven-compiler-plugin[0;1;33m:[0;1;33m3.13.0[0;1;33m:[0;1;33mcompile[0;1;33m ([0;1;33mdefault-compile[0;1;33m)[0;1;33m'[m
2024-09-10 11:17:39,300 [Worker-26: Building] WARN  o.a.m.l.i.DefaultMojoExecutionConfigurator - [1;33mParameter '[0;1;33msourch[0;1;33m' is unknown for plugin '[0;1;33mmaven-compiler-plugin[0;1;33m:[0;1;33m3.13.0[0;1;33m:[0;1;33mcompile[0;1;33m ([0;1;33mdefault-compile[0;1;33m)[0;1;33m'[m
2024-09-10 11:17:39,301 [Worker-26: Building] WARN  o.a.m.l.i.DefaultMojoExecutionConfigurator - [1;33mParameter '[0;1;33msourch[0;1;33m' is unknown for plugin '[0;1;33mmaven-compiler-plugin[0;1;33m:[0;1;33m3.13.0[0;1;33m:[0;1;33mcompile[0;1;33m ([0;1;33mdefault-compile[0;1;33m)[0;1;33m'[m
2024-09-10 11:17:39,301 [Worker-26: Building] WARN  o.a.m.l.i.DefaultMojoExecutionConfigurator - [1;33mParameter '[0;1;33msourch[0;1;33m' is unknown for plugin '[0;1;33mmaven-compiler-plugin[0;1;33m:[0;1;33m3.13.0[0;1;33m:[0;1;33mcompile[0;1;33m ([0;1;33mdefault-compile[0;1;33m)[0;1;33m'[m
2024-09-10 11:17:39,302 [Worker-26: Building] WARN  o.a.m.l.i.DefaultMojoExecutionConfigurator - [1;33mParameter '[0;1;33msourch[0;1;33m' is unknown for plugin '[0;1;33mmaven-compiler-plugin[0;1;33m:[0;1;33m3.13.0[0;1;33m:[0;1;33mcompile[0;1;33m ([0;1;33mdefault-compile[0;1;33m)[0;1;33m'[m
2024-09-10 11:17:39,302 [Worker-26: Building] WARN  o.a.m.l.i.DefaultMojoExecutionConfigurator - [1;33mParameter '[0;1;33msourch[0;1;33m' is unknown for plugin '[0;1;33mmaven-compiler-plugin[0;1;33m:[0;1;33m3.13.0[0;1;33m:[0;1;33mcompile[0;1;33m ([0;1;33mdefault-compile[0;1;33m)[0;1;33m'[m
2024-09-10 11:17:39,303 [Worker-26: Building] WARN  o.a.m.l.i.DefaultMojoExecutionConfigurator - [1;33mParameter '[0;1;33msourch[0;1;33m' is unknown for plugin '[0;1;33mmaven-compiler-plugin[0;1;33m:[0;1;33m3.13.0[0;1;33m:[0;1;33mtestCompile[0;1;33m ([0;1;33mdefault-testCompile[0;1;33m)[0;1;33m'[m
2024-09-10 11:17:39,304 [Worker-26: Building] WARN  o.a.m.l.i.DefaultMojoExecutionConfigurator - [1;33mParameter '[0;1;33msourch[0;1;33m' is unknown for plugin '[0;1;33mmaven-compiler-plugin[0;1;33m:[0;1;33m3.13.0[0;1;33m:[0;1;33mtestCompile[0;1;33m ([0;1;33mdefault-testCompile[0;1;33m)[0;1;33m'[m
2024-09-10 11:17:39,305 [Worker-26: Building] WARN  o.a.m.l.i.DefaultMojoExecutionConfigurator - [1;33mParameter '[0;1;33msourch[0;1;33m' is unknown for plugin '[0;1;33mmaven-compiler-plugin[0;1;33m:[0;1;33m3.13.0[0;1;33m:[0;1;33mtestCompile[0;1;33m ([0;1;33mdefault-testCompile[0;1;33m)[0;1;33m'[m
2024-09-10 11:17:39,306 [Worker-26: Building] WARN  o.a.m.l.i.DefaultMojoExecutionConfigurator - [1;33mParameter '[0;1;33msourch[0;1;33m' is unknown for plugin '[0;1;33mmaven-compiler-plugin[0;1;33m:[0;1;33m3.13.0[0;1;33m:[0;1;33mtestCompile[0;1;33m ([0;1;33mdefault-testCompile[0;1;33m)[0;1;33m'[m
2024-09-10 11:17:39,307 [Worker-26: Building] WARN  o.a.m.l.i.DefaultMojoExecutionConfigurator - [1;33mParameter '[0;1;33msourch[0;1;33m' is unknown for plugin '[0;1;33mmaven-compiler-plugin[0;1;33m:[0;1;33m3.13.0[0;1;33m:[0;1;33mtestCompile[0;1;33m ([0;1;33mdefault-testCompile[0;1;33m)[0;1;33m'[m
2024-09-10 11:17:39,308 [Worker-26: Building] WARN  o.a.m.l.i.DefaultMojoExecutionConfigurator - [1;33mParameter '[0;1;33msourch[0;1;33m' is unknown for plugin '[0;1;33mmaven-compiler-plugin[0;1;33m:[0;1;33m3.13.0[0;1;33m:[0;1;33mtestCompile[0;1;33m ([0;1;33mdefault-testCompile[0;1;33m)[0;1;33m'[m
2024-09-10 11:17:39,309 [Worker-26: Building] WARN  o.a.m.l.i.DefaultMojoExecutionConfigurator - [1;33mParameter '[0;1;33msourch[0;1;33m' is unknown for plugin '[0;1;33mmaven-compiler-plugin[0;1;33m:[0;1;33m3.13.0[0;1;33m:[0;1;33mtestCompile[0;1;33m ([0;1;33mdefault-testCompile[0;1;33m)[0;1;33m'[m
2024-09-10 11:17:39,310 [Worker-26: Building] WARN  o.a.m.l.i.DefaultMojoExecutionConfigurator - [1;33mParameter '[0;1;33msourch[0;1;33m' is unknown for plugin '[0;1;33mmaven-compiler-plugin[0;1;33m:[0;1;33m3.13.0[0;1;33m:[0;1;33mtestCompile[0;1;33m ([0;1;33mdefault-testCompile[0;1;33m)[0;1;33m'[m
2024-09-10 11:17:39,310 [Worker-26: Building] WARN  o.a.m.l.i.DefaultMojoExecutionConfigurator - [1;33mParameter '[0;1;33msourch[0;1;33m' is unknown for plugin '[0;1;33mmaven-compiler-plugin[0;1;33m:[0;1;33m3.13.0[0;1;33m:[0;1;33mtestCompile[0;1;33m ([0;1;33mdefault-testCompile[0;1;33m)[0;1;33m'[m
2024-09-10 11:17:39,311 [Worker-26: Building] INFO  o.e.m.c.i.l.LifecycleMappingFactory - Using org.maven.ide.eclipse.wtp.WarLifecycleMapping lifecycle mapping for MavenProject: vn.star:ltwedct5:1.0 @ C:\Users\TRIEUVI\Desktop\WorkSpaceSpringToolSuite\ltwedct5\pom.xml.
2024-09-10 11:17:39,327 [Worker-26: Building] WARN  o.e.m.c.i.embedder.EclipseLogger - The artifact mysql:mysql-connector-java:jar:8.0.33 has been relocated to com.mysql:mysql-connector-j:jar:8.0.33: MySQL Connector/J artifacts moved to reverse-DNS compliant Maven 2+ coordinates.
2024-09-10 11:17:39,544 [Worker-26: Building] WARN  o.e.m.c.i.embedder.EclipseLogger - The artifact mysql:mysql-connector-java:jar:8.0.33 has been relocated to com.mysql:mysql-connector-j:jar:8.0.33: MySQL Connector/J artifacts moved to reverse-DNS compliant Maven 2+ coordinates.
2024-09-10 11:17:39,547 [Worker-26: Building] WARN  o.a.m.l.i.DefaultMojoExecutionConfigurator - [1;33mParameter '[0;1;33msourch[0;1;33m' is unknown for plugin '[0;1;33mmaven-compiler-plugin[0;1;33m:[0;1;33m3.13.0[0;1;33m:[0;1;33mcompile[0;1;33m ([0;1;33mdefault-compile[0;1;33m)[0;1;33m'[m
2024-09-10 11:17:39,549 [Worker-26: Building] WARN  o.a.m.l.i.DefaultMojoExecutionConfigurator - [1;33mParameter '[0;1;33msourch[0;1;33m' is unknown for plugin '[0;1;33mmaven-compiler-plugin[0;1;33m:[0;1;33m3.13.0[0;1;33m:[0;1;33mtestCompile[0;1;33m ([0;1;33mdefault-testCompile[0;1;33m)[0;1;33m'[m
2024-09-10 11:17:39,745 [Worker-26: Building] WARN  o.a.m.l.i.DefaultMojoExecutionConfigurator - [1;33mParameter '[0;1;33msourch[0;1;33m' is unknown for plugin '[0;1;33mmaven-compiler-plugin[0;1;33m:[0;1;33m3.13.0[0;1;33m:[0;1;33mcompile[0;1;33m ([0;1;33mdefault-compile[0;1;33m)[0;1;33m'[m
2024-09-10 11:17:39,746 [Worker-26: Building] WARN  o.a.m.l.i.DefaultMojoExecutionConfigurator - [1;33mParameter '[0;1;33msourch[0;1;33m' is unknown for plugin '[0;1;33mmaven-compiler-plugin[0;1;33m:[0;1;33m3.13.0[0;1;33m:[0;1;33mtestCompile[0;1;33m ([0;1;33mdefault-testCompile[0;1;33m)[0;1;33m'[m
2024-09-10 11:17:39,792 [Worker-26: Building] WARN  o.a.m.s.f.DefaultMavenResourcesFiltering - Using platform encoding (UTF-8 actually) to copy filtered resources, i.e. build is platform dependent!
2024-09-10 11:17:39,794 [Worker-26: Building] INFO  o.a.m.s.f.DefaultMavenResourcesFiltering - Copying 0 resource from src\main\resources to target\classes
2024-09-10 11:17:39,796 [Worker-26: Building] WARN  o.a.m.s.f.DefaultMavenResourcesFiltering - Using platform encoding (UTF-8 actually) to copy filtered resources, i.e. build is platform dependent!
2024-09-10 11:17:39,797 [Worker-26: Building] INFO  o.a.m.s.f.DefaultMavenResourcesFiltering - Copying 0 resource from src\test\resources to target\test-classes
2024-09-10 11:17:39,797 [Worker-26: Building] INFO  o.e.m.w.i.f.ResourceFilteringBuildParticipant - Changed resources require a complete clean of filtered resources of ltwedct5
2024-09-10 11:17:39,797 [Worker-26: Building] INFO  o.e.m.w.i.f.ResourceFilteringBuildParticipant - Executing resource filtering for ltwedct5
2024-09-10 11:17:39,799 [Worker-26: Building] WARN  o.a.m.l.i.DefaultMojoExecutionConfigurator - [1;33mParameter '[0;1;33msourch[0;1;33m' is unknown for plugin '[0;1;33mmaven-compiler-plugin[0;1;33m:[0;1;33m3.13.0[0;1;33m:[0;1;33mcompile[0;1;33m ([0;1;33mdefault-compile[0;1;33m)[0;1;33m'[m
2024-09-10 11:17:39,799 [Worker-26: Building] WARN  o.a.m.l.i.DefaultMojoExecutionConfigurator - [1;33mParameter '[0;1;33msourch[0;1;33m' is unknown for plugin '[0;1;33mmaven-compiler-plugin[0;1;33m:[0;1;33m3.13.0[0;1;33m:[0;1;33mtestCompile[0;1;33m ([0;1;33mdefault-testCompile[0;1;33m)[0;1;33m'[m
2024-09-10 11:39:51,030 [Worker-23: Building] WARN  o.a.m.s.f.DefaultMavenResourcesFiltering - Using platform encoding (UTF-8 actually) to copy filtered resources, i.e. build is platform dependent!
2024-09-10 11:39:51,032 [Worker-23: Building] INFO  o.a.m.s.f.DefaultMavenResourcesFiltering - Copying 0 resource from src\main\resources to target\classes
2024-09-10 11:39:51,034 [Worker-23: Building] WARN  o.a.m.s.f.DefaultMavenResourcesFiltering - Using platform encoding (UTF-8 actually) to copy filtered resources, i.e. build is platform dependent!
2024-09-10 11:39:51,035 [Worker-23: Building] INFO  o.a.m.s.f.DefaultMavenResourcesFiltering - Copying 0 resource from src\test\resources to target\test-classes
2024-09-10 12:23:33,520 [Worker-43: Launching BDConnectMySQL] WARN  o.a.m.s.f.DefaultMavenResourcesFiltering - Using platform encoding (UTF-8 actually) to copy filtered resources, i.e. build is platform dependent!
2024-09-10 12:23:33,522 [Worker-43: Launching BDConnectMySQL] INFO  o.a.m.s.f.DefaultMavenResourcesFiltering - Copying 0 resource from src\main\resources to target\classes
2024-09-10 12:23:33,524 [Worker-43: Launching BDConnectMySQL] WARN  o.a.m.s.f.DefaultMavenResourcesFiltering - Using platform encoding (UTF-8 actually) to copy filtered resources, i.e. build is platform dependent!
2024-09-10 12:23:33,525 [Worker-43: Launching BDConnectMySQL] INFO  o.a.m.s.f.DefaultMavenResourcesFiltering - Copying 0 resource from src\test\resources to target\test-classes
2024-09-10 12:28:00,051 [Worker-43: Building] WARN  o.a.m.s.f.DefaultMavenResourcesFiltering - Using platform encoding (UTF-8 actually) to copy filtered resources, i.e. build is platform dependent!
2024-09-10 12:28:00,051 [Worker-43: Building] INFO  o.a.m.s.f.DefaultMavenResourcesFiltering - Copying 0 resource from src\main\resources to target\classes
2024-09-10 12:28:00,053 [Worker-43: Building] WARN  o.a.m.s.f.DefaultMavenResourcesFiltering - Using platform encoding (UTF-8 actually) to copy filtered resources, i.e. build is platform dependent!
2024-09-10 12:28:00,054 [Worker-43: Building] INFO  o.a.m.s.f.DefaultMavenResourcesFiltering - Copying 0 resource from src\test\resources to target\test-classes
2024-09-10 12:41:29,108 [main] WARN  o.a.m.s.f.DefaultMavenResourcesFiltering - Using platform encoding (UTF-8 actually) to copy filtered resources, i.e. build is platform dependent!
2024-09-10 12:41:29,109 [main] INFO  o.a.m.s.f.DefaultMavenResourcesFiltering - Copying 0 resource from src\main\resources to target\classes
2024-09-10 12:41:29,110 [main] WARN  o.a.m.s.f.DefaultMavenResourcesFiltering - Using platform encoding (UTF-8 actually) to copy filtered resources, i.e. build is platform dependent!
2024-09-10 12:41:29,111 [main] INFO  o.a.m.s.f.DefaultMavenResourcesFiltering - Copying 0 resource from src\test\resources to target\test-classes
2024-09-10 12:42:01,859 [Worker-47: Building] WARN  o.a.m.s.f.DefaultMavenResourcesFiltering - Using platform encoding (UTF-8 actually) to copy filtered resources, i.e. build is platform dependent!
2024-09-10 12:42:01,860 [Worker-47: Building] INFO  o.a.m.s.f.DefaultMavenResourcesFiltering - Copying 0 resource from src\main\resources to target\classes
2024-09-10 12:42:01,861 [Worker-47: Building] WARN  o.a.m.s.f.DefaultMavenResourcesFiltering - Using platform encoding (UTF-8 actually) to copy filtered resources, i.e. build is platform dependent!
2024-09-10 12:42:01,862 [Worker-47: Building] INFO  o.a.m.s.f.DefaultMavenResourcesFiltering - Copying 0 resource from src\test\resources to target\test-classes
2024-09-10 12:42:48,841 [Worker-54: Building] WARN  o.a.m.s.f.DefaultMavenResourcesFiltering - Using platform encoding (UTF-8 actually) to copy filtered resources, i.e. build is platform dependent!
2024-09-10 12:42:48,842 [Worker-54: Building] INFO  o.a.m.s.f.DefaultMavenResourcesFiltering - Copying 0 resource from src\main\resources to target\classes
2024-09-10 12:42:48,843 [Worker-54: Building] WARN  o.a.m.s.f.DefaultMavenResourcesFiltering - Using platform encoding (UTF-8 actually) to copy filtered resources, i.e. build is platform dependent!
2024-09-10 12:42:48,844 [Worker-54: Building] INFO  o.a.m.s.f.DefaultMavenResourcesFiltering - Copying 0 resource from src\test\resources to target\test-classes
2024-09-10 12:47:40,120 [Worker-50: Building] WARN  o.a.m.s.f.DefaultMavenResourcesFiltering - Using platform encoding (UTF-8 actually) to copy filtered resources, i.e. build is platform dependent!
2024-09-10 12:47:40,121 [Worker-50: Building] INFO  o.a.m.s.f.DefaultMavenResourcesFiltering - Copying 0 resource from src\main\resources to target\classes
2024-09-10 12:47:40,122 [Worker-50: Building] WARN  o.a.m.s.f.DefaultMavenResourcesFiltering - Using platform encoding (UTF-8 actually) to copy filtered resources, i.e. build is platform dependent!
2024-09-10 12:47:40,122 [Worker-50: Building] INFO  o.a.m.s.f.DefaultMavenResourcesFiltering - Copying 0 resource from src\test\resources to target\test-classes
2024-09-10 12:50:14,649 [Worker-59: Building] WARN  o.a.m.s.f.DefaultMavenResourcesFiltering - Using platform encoding (UTF-8 actually) to copy filtered resources, i.e. build is platform dependent!
2024-09-10 12:50:14,650 [Worker-59: Building] INFO  o.a.m.s.f.DefaultMavenResourcesFiltering - Copying 0 resource from src\main\resources to target\classes
2024-09-10 12:50:14,652 [Worker-59: Building] WARN  o.a.m.s.f.DefaultMavenResourcesFiltering - Using platform encoding (UTF-8 actually) to copy filtered resources, i.e. build is platform dependent!
2024-09-10 12:50:14,652 [Worker-59: Building] INFO  o.a.m.s.f.DefaultMavenResourcesFiltering - Copying 0 resource from src\test\resources to target\test-classes
2024-09-10 13:15:31,686 [Worker-67: Building] WARN  o.a.m.s.f.DefaultMavenResourcesFiltering - Using platform encoding (UTF-8 actually) to copy filtered resources, i.e. build is platform dependent!
2024-09-10 13:15:31,688 [Worker-67: Building] INFO  o.a.m.s.f.DefaultMavenResourcesFiltering - Copying 0 resource from src\main\resources to target\classes
2024-09-10 13:15:31,689 [Worker-67: Building] WARN  o.a.m.s.f.DefaultMavenResourcesFiltering - Using platform encoding (UTF-8 actually) to copy filtered resources, i.e. build is platform dependent!
2024-09-10 13:15:31,690 [Worker-67: Building] INFO  o.a.m.s.f.DefaultMavenResourcesFiltering - Copying 0 resource from src\test\resources to target\test-classes
2024-09-10 13:19:53,112 [Worker-73: Building] WARN  o.a.m.s.f.DefaultMavenResourcesFiltering - Using platform encoding (UTF-8 actually) to copy filtered resources, i.e. build is platform dependent!
2024-09-10 13:19:53,114 [Worker-73: Building] INFO  o.a.m.s.f.DefaultMavenResourcesFiltering - Copying 0 resource from src\main\resources to target\classes
2024-09-10 13:19:53,115 [Worker-73: Building] WARN  o.a.m.s.f.DefaultMavenResourcesFiltering - Using platform encoding (UTF-8 actually) to copy filtered resources, i.e. build is platform dependent!
2024-09-10 13:19:53,115 [Worker-73: Building] INFO  o.a.m.s.f.DefaultMavenResourcesFiltering - Copying 0 resource from src\test\resources to target\test-classes
2024-09-10 13:20:21,829 [Worker-70: Building] WARN  o.a.m.s.f.DefaultMavenResourcesFiltering - Using platform encoding (UTF-8 actually) to copy filtered resources, i.e. build is platform dependent!
2024-09-10 13:20:21,830 [Worker-70: Building] INFO  o.a.m.s.f.DefaultMavenResourcesFiltering - Copying 0 resource from src\main\resources to target\classes
2024-09-10 13:20:21,831 [Worker-70: Building] WARN  o.a.m.s.f.DefaultMavenResourcesFiltering - Using platform encoding (UTF-8 actually) to copy filtered resources, i.e. build is platform dependent!
2024-09-10 13:20:21,831 [Worker-70: Building] INFO  o.a.m.s.f.DefaultMavenResourcesFiltering - Copying 0 resource from src\test\resources to target\test-classes
2024-09-10 13:20:26,555 [Worker-74: Launching Userdaoimpl] WARN  o.a.m.s.f.DefaultMavenResourcesFiltering - Using platform encoding (UTF-8 actually) to copy filtered resources, i.e. build is platform dependent!
2024-09-10 13:20:26,556 [Worker-74: Launching Userdaoimpl] INFO  o.a.m.s.f.DefaultMavenResourcesFiltering - Copying 0 resource from src\main\resources to target\classes
2024-09-10 13:20:26,557 [Worker-74: Launching Userdaoimpl] WARN  o.a.m.s.f.DefaultMavenResourcesFiltering - Using platform encoding (UTF-8 actually) to copy filtered resources, i.e. build is platform dependent!
2024-09-10 13:20:26,557 [Worker-74: Launching Userdaoimpl] INFO  o.a.m.s.f.DefaultMavenResourcesFiltering - Copying 0 resource from src\test\resources to target\test-classes
2024-09-10 13:20:39,185 [Worker-65: Building] WARN  o.a.m.s.f.DefaultMavenResourcesFiltering - Using platform encoding (UTF-8 actually) to copy filtered resources, i.e. build is platform dependent!
2024-09-10 13:20:39,186 [Worker-65: Building] INFO  o.a.m.s.f.DefaultMavenResourcesFiltering - Copying 0 resource from src\main\resources to target\classes
2024-09-10 13:20:39,187 [Worker-65: Building] WARN  o.a.m.s.f.DefaultMavenResourcesFiltering - Using platform encoding (UTF-8 actually) to copy filtered resources, i.e. build is platform dependent!
2024-09-10 13:20:39,188 [Worker-65: Building] INFO  o.a.m.s.f.DefaultMavenResourcesFiltering - Copying 0 resource from src\test\resources to target\test-classes
2024-09-10 13:26:33,503 [Worker-74: Launching Userdaoimpl] WARN  o.a.m.s.f.DefaultMavenResourcesFiltering - Using platform encoding (UTF-8 actually) to copy filtered resources, i.e. build is platform dependent!
2024-09-10 13:26:33,504 [Worker-74: Launching Userdaoimpl] INFO  o.a.m.s.f.DefaultMavenResourcesFiltering - Copying 0 resource from src\main\resources to target\classes
2024-09-10 13:26:33,505 [Worker-74: Launching Userdaoimpl] WARN  o.a.m.s.f.DefaultMavenResourcesFiltering - Using platform encoding (UTF-8 actually) to copy filtered resources, i.e. build is platform dependent!
2024-09-10 13:26:33,506 [Worker-74: Launching Userdaoimpl] INFO  o.a.m.s.f.DefaultMavenResourcesFiltering - Copying 0 resource from src\test\resources to target\test-classes
2024-09-10 13:29:01,053 [Worker-75: Launching Userdaoimpl] WARN  o.a.m.s.f.DefaultMavenResourcesFiltering - Using platform encoding (UTF-8 actually) to copy filtered resources, i.e. build is platform dependent!
2024-09-10 13:29:01,054 [Worker-75: Launching Userdaoimpl] INFO  o.a.m.s.f.DefaultMavenResourcesFiltering - Copying 0 resource from src\main\resources to target\classes
2024-09-10 13:29:01,056 [Worker-75: Launching Userdaoimpl] WARN  o.a.m.s.f.DefaultMavenResourcesFiltering - Using platform encoding (UTF-8 actually) to copy filtered resources, i.e. build is platform dependent!
2024-09-10 13:29:01,057 [Worker-75: Launching Userdaoimpl] INFO  o.a.m.s.f.DefaultMavenResourcesFiltering - Copying 0 resource from src\test\resources to target\test-classes
2024-09-10 13:41:21,043 [Worker-84: Launching Userdaoimpl] WARN  o.a.m.s.f.DefaultMavenResourcesFiltering - Using platform encoding (UTF-8 actually) to copy filtered resources, i.e. build is platform dependent!
2024-09-10 13:41:21,044 [Worker-84: Launching Userdaoimpl] INFO  o.a.m.s.f.DefaultMavenResourcesFiltering - Copying 0 resource from src\main\resources to target\classes
2024-09-10 13:41:21,045 [Worker-84: Launching Userdaoimpl] WARN  o.a.m.s.f.DefaultMavenResourcesFiltering - Using platform encoding (UTF-8 actually) to copy filtered resources, i.e. build is platform dependent!
2024-09-10 13:41:21,046 [Worker-84: Launching Userdaoimpl] INFO  o.a.m.s.f.DefaultMavenResourcesFiltering - Copying 0 resource from src\test\resources to target\test-classes
2024-09-10 13:42:31,983 [Worker-83: Building] WARN  o.a.m.s.f.DefaultMavenResourcesFiltering - Using platform encoding (UTF-8 actually) to copy filtered resources, i.e. build is platform dependent!
2024-09-10 13:42:31,984 [Worker-83: Building] INFO  o.a.m.s.f.DefaultMavenResourcesFiltering - Copying 0 resource from src\main\resources to target\classes
2024-09-10 13:42:31,985 [Worker-83: Building] WARN  o.a.m.s.f.DefaultMavenResourcesFiltering - Using platform encoding (UTF-8 actually) to copy filtered resources, i.e. build is platform dependent!
2024-09-10 13:42:31,986 [Worker-83: Building] INFO  o.a.m.s.f.DefaultMavenResourcesFiltering - Copying 0 resource from src\test\resources to target\test-classes
2024-09-10 13:42:57,848 [Worker-84: Launching Userdaoimpl] WARN  o.a.m.s.f.DefaultMavenResourcesFiltering - Using platform encoding (UTF-8 actually) to copy filtered resources, i.e. build is platform dependent!
2024-09-10 13:42:57,849 [Worker-84: Launching Userdaoimpl] INFO  o.a.m.s.f.DefaultMavenResourcesFiltering - Copying 0 resource from src\main\resources to target\classes
2024-09-10 13:42:57,851 [Worker-84: Launching Userdaoimpl] WARN  o.a.m.s.f.DefaultMavenResourcesFiltering - Using platform encoding (UTF-8 actually) to copy filtered resources, i.e. build is platform dependent!
2024-09-10 13:42:57,852 [Worker-84: Launching Userdaoimpl] INFO  o.a.m.s.f.DefaultMavenResourcesFiltering - Copying 0 resource from src\test\resources to target\test-classes
2024-09-10 13:44:18,590 [Worker-84: Launching Userdaoimpl] WARN  o.a.m.s.f.DefaultMavenResourcesFiltering - Using platform encoding (UTF-8 actually) to copy filtered resources, i.e. build is platform dependent!
2024-09-10 13:44:18,591 [Worker-84: Launching Userdaoimpl] INFO  o.a.m.s.f.DefaultMavenResourcesFiltering - Copying 0 resource from src\main\resources to target\classes
2024-09-10 13:44:18,593 [Worker-84: Launching Userdaoimpl] WARN  o.a.m.s.f.DefaultMavenResourcesFiltering - Using platform encoding (UTF-8 actually) to copy filtered resources, i.e. build is platform dependent!
2024-09-10 13:44:18,594 [Worker-84: Launching Userdaoimpl] INFO  o.a.m.s.f.DefaultMavenResourcesFiltering - Copying 0 resource from src\test\resources to target\test-classes
2024-09-10 13:44:51,361 [Worker-81: Launching Userdaoimpl] WARN  o.a.m.s.f.DefaultMavenResourcesFiltering - Using platform encoding (UTF-8 actually) to copy filtered resources, i.e. build is platform dependent!
2024-09-10 13:44:51,362 [Worker-81: Launching Userdaoimpl] INFO  o.a.m.s.f.DefaultMavenResourcesFiltering - Copying 0 resource from src\main\resources to target\classes
2024-09-10 13:44:51,363 [Worker-81: Launching Userdaoimpl] WARN  o.a.m.s.f.DefaultMavenResourcesFiltering - Using platform encoding (UTF-8 actually) to copy filtered resources, i.e. build is platform dependent!
2024-09-10 13:44:51,364 [Worker-81: Launching Userdaoimpl] INFO  o.a.m.s.f.DefaultMavenResourcesFiltering - Copying 0 resource from src\test\resources to target\test-classes
2024-09-10 13:45:00,877 [Worker-84: Launching Userdaoimpl] WARN  o.a.m.s.f.DefaultMavenResourcesFiltering - Using platform encoding (UTF-8 actually) to copy filtered resources, i.e. build is platform dependent!
2024-09-10 13:45:00,878 [Worker-84: Launching Userdaoimpl] INFO  o.a.m.s.f.DefaultMavenResourcesFiltering - Copying 0 resource from src\main\resources to target\classes
2024-09-10 13:45:00,880 [Worker-84: Launching Userdaoimpl] WARN  o.a.m.s.f.DefaultMavenResourcesFiltering - Using platform encoding (UTF-8 actually) to copy filtered resources, i.e. build is platform dependent!
2024-09-10 13:45:00,880 [Worker-84: Launching Userdaoimpl] INFO  o.a.m.s.f.DefaultMavenResourcesFiltering - Copying 0 resource from src\test\resources to target\test-classes
2024-09-10 13:50:40,544 [Worker-87: Launching Userdaoimpl] WARN  o.a.m.s.f.DefaultMavenResourcesFiltering - Using platform encoding (UTF-8 actually) to copy filtered resources, i.e. build is platform dependent!
2024-09-10 13:50:40,545 [Worker-87: Launching Userdaoimpl] INFO  o.a.m.s.f.DefaultMavenResourcesFiltering - Copying 0 resource from src\main\resources to target\classes
2024-09-10 13:50:40,546 [Worker-87: Launching Userdaoimpl] WARN  o.a.m.s.f.DefaultMavenResourcesFiltering - Using platform encoding (UTF-8 actually) to copy filtered resources, i.e. build is platform dependent!
2024-09-10 13:50:40,546 [Worker-87: Launching Userdaoimpl] INFO  o.a.m.s.f.DefaultMavenResourcesFiltering - Copying 0 resource from src\test\resources to target\test-classes
2024-09-10 13:53:04,737 [Worker-90: Launching Userdaoimpl] WARN  o.a.m.s.f.DefaultMavenResourcesFiltering - Using platform encoding (UTF-8 actually) to copy filtered resources, i.e. build is platform dependent!
2024-09-10 13:53:04,738 [Worker-90: Launching Userdaoimpl] INFO  o.a.m.s.f.DefaultMavenResourcesFiltering - Copying 0 resource from src\main\resources to target\classes
2024-09-10 13:53:04,740 [Worker-90: Launching Userdaoimpl] WARN  o.a.m.s.f.DefaultMavenResourcesFiltering - Using platform encoding (UTF-8 actually) to copy filtered resources, i.e. build is platform dependent!
2024-09-10 13:53:04,741 [Worker-90: Launching Userdaoimpl] INFO  o.a.m.s.f.DefaultMavenResourcesFiltering - Copying 0 resource from src\test\resources to target\test-classes
2024-09-10 13:55:42,236 [Worker-88: Launching Userdaoimpl] WARN  o.a.m.s.f.DefaultMavenResourcesFiltering - Using platform encoding (UTF-8 actually) to copy filtered resources, i.e. build is platform dependent!
2024-09-10 13:55:42,237 [Worker-88: Launching Userdaoimpl] INFO  o.a.m.s.f.DefaultMavenResourcesFiltering - Copying 0 resource from src\main\resources to target\classes
2024-09-10 13:55:42,239 [Worker-88: Launching Userdaoimpl] WARN  o.a.m.s.f.DefaultMavenResourcesFiltering - Using platform encoding (UTF-8 actually) to copy filtered resources, i.e. build is platform dependent!
2024-09-10 13:55:42,240 [Worker-88: Launching Userdaoimpl] INFO  o.a.m.s.f.DefaultMavenResourcesFiltering - Copying 0 resource from src\test\resources to target\test-classes
2024-09-10 13:56:07,090 [Worker-93: Launching Userdaoimpl] WARN  o.a.m.s.f.DefaultMavenResourcesFiltering - Using platform encoding (UTF-8 actually) to copy filtered resources, i.e. build is platform dependent!
2024-09-10 13:56:07,091 [Worker-93: Launching Userdaoimpl] INFO  o.a.m.s.f.DefaultMavenResourcesFiltering - Copying 0 resource from src\main\resources to target\classes
2024-09-10 13:56:07,092 [Worker-93: Launching Userdaoimpl] WARN  o.a.m.s.f.DefaultMavenResourcesFiltering - Using platform encoding (UTF-8 actually) to copy filtered resources, i.e. build is platform dependent!
2024-09-10 13:56:07,093 [Worker-93: Launching Userdaoimpl] INFO  o.a.m.s.f.DefaultMavenResourcesFiltering - Copying 0 resource from src\test\resources to target\test-classes
2024-09-10 13:56:24,828 [Worker-94: Launching Userdaoimpl] WARN  o.a.m.s.f.DefaultMavenResourcesFiltering - Using platform encoding (UTF-8 actually) to copy filtered resources, i.e. build is platform dependent!
2024-09-10 13:56:24,829 [Worker-94: Launching Userdaoimpl] INFO  o.a.m.s.f.DefaultMavenResourcesFiltering - Copying 0 resource from src\main\resources to target\classes
2024-09-10 13:56:24,830 [Worker-94: Launching Userdaoimpl] WARN  o.a.m.s.f.DefaultMavenResourcesFiltering - Using platform encoding (UTF-8 actually) to copy filtered resources, i.e. build is platform dependent!
2024-09-10 13:56:24,831 [Worker-94: Launching Userdaoimpl] INFO  o.a.m.s.f.DefaultMavenResourcesFiltering - Copying 0 resource from src\test\resources to target\test-classes
2024-09-10 13:56:36,277 [Worker-92: Launching Userdaoimpl] WARN  o.a.m.s.f.DefaultMavenResourcesFiltering - Using platform encoding (UTF-8 actually) to copy filtered resources, i.e. build is platform dependent!
2024-09-10 13:56:36,278 [Worker-92: Launching Userdaoimpl] INFO  o.a.m.s.f.DefaultMavenResourcesFiltering - Copying 0 resource from src\main\resources to target\classes
2024-09-10 13:56:36,279 [Worker-92: Launching Userdaoimpl] WARN  o.a.m.s.f.DefaultMavenResourcesFiltering - Using platform encoding (UTF-8 actually) to copy filtered resources, i.e. build is platform dependent!
2024-09-10 13:56:36,280 [Worker-92: Launching Userdaoimpl] INFO  o.a.m.s.f.DefaultMavenResourcesFiltering - Copying 0 resource from src\test\resources to target\test-classes
